<?xml version="1.0" encoding="UTF-8"?>
<testsuite xmlns:xsi="http://www.w3.org/2001/XMLSchema-instance" xsi:noNamespaceSchemaLocation="https://maven.apache.org/surefire/maven-surefire-plugin/xsd/surefire-test-report.xsd" version="3.0.2" name="ru.copperside.sbpauthpay.BankOperIdGeneratorTest" time="0.372" tests="2" errors="0" skipped="0" failures="0" flakes="0">
  <properties>
[...]
</properties>
  <testcase name="generatesDistinctIds" classname="ru.copperside.sbpauthpay.BankOperIdGeneratorTest" time="0.255"/>
  <testcase name="generatesCanonicalUuidV7" classname="ru.copperside.sbpauthpay.BankOperIdGeneratorTest" time="0.021"/>
</testsuite>